<?xml version="1.0" encoding="UTF-8"?>
<!-- Generated by org.testng.reporters.JUnitReportReporter -->
<testsuite hostname="DESKTOP-RERR9E4" failures="0" tests="1" name="testcases.CostcocaHomepageValidation" time="11.778" errors="0" timestamp="2020-11-14T20:26:30 EST" skipped="0">
  <testcase classname="testcases.CostcocaHomepageValidation" name="CostcocaHompageValidation" time="11.778"/>
  <system-out/>
</testsuite> <!-- testcases.CostcocaHomepageValidation -->
